  [1m[35m (335.5ms)[0m  [1m[35mCREATE DATABASE "tweeter_app_api_development" ENCODING = 'unicode'[0m
  [1m[35m (142.2ms)[0m  [1m[35mCREATE DATABASE "tweeter_app_api_test" ENCODING = 'unicode'[0m
  [1m[35m (76.5ms)[0m  [1m[35mCREATE TABLE "schema_migrations" ("version" character varying NOT NULL PRIMARY KEY)[0m
  [1m[35m (12.3ms)[0m  [1m[35mCREATE TABLE "ar_internal_metadata" ("key" character varying NOT NULL PRIMARY KEY, "value" character varying, "created_at" timestamp(6) NOT NULL, "updated_at" timestamp(6) NOT NULL)[0m
  [1m[35m (0.3ms)[0m  [1m[34mSELECT pg_try_advisory_lock(1344325399035759420)[0m
  [1m[35m (1.6ms)[0m  [1m[34mSELECT "schema_migrations"."version" FROM "schema_migrations" ORDER BY "schema_migrations"."version" ASC[0m
Migrating to CreateTweets (20210223214204)
  [1m[36mTRANSACTION (0.2ms)[0m  [1m[35mBEGIN[0m
  [1m[35m (45.8ms)[0m  [1m[35mCREATE TABLE "tweets" ("id" bigserial primary key, "title" character varying, "content" text, "author" character varying, "created_at" timestamp(6) NOT NULL, "updated_at" timestamp(6) NOT NULL)[0m
  [1m[36mActiveRecord::SchemaMigration Create (16.9ms)[0m  [1m[32mINSERT INTO "schema_migrations" ("version") VALUES ($1) RETURNING "version"[0m  [["version", "20210223214204"]]
  [1m[36mTRANSACTION (3.2ms)[0m  [1m[35mCOMMIT[0m
  [1m[36mActiveRecord::InternalMetadata Load (0.6ms)[0m  [1m[34mSELECT "ar_internal_metadata".* FROM "ar_internal_metadata" WHERE "ar_internal_metadata"."key" = $1 LIMIT $2[0m  [["key", "environment"], ["LIMIT", 1]]
  [1m[36mTRANSACTION (0.1ms)[0m  [1m[35mBEGIN[0m
  [1m[36mActiveRecord::InternalMetadata Create (1.3ms)[0m  [1m[32mINSERT INTO "ar_internal_metadata" ("key", "value", "created_at", "updated_at") VALUES ($1, $2, $3, $4) RETURNING "key"[0m  [["key", "environment"], ["value", "development"], ["created_at", "2021-02-23 21:53:23.855309"], ["updated_at", "2021-02-23 21:53:23.855309"]]
  [1m[36mTRANSACTION (3.4ms)[0m  [1m[35mCOMMIT[0m
  [1m[35m (0.3ms)[0m  [1m[34mSELECT pg_advisory_unlock(1344325399035759420)[0m
  [1m[35m (3.1ms)[0m  [1m[34mSELECT "schema_migrations"."version" FROM "schema_migrations" ORDER BY "schema_migrations"."version" ASC[0m
  [1m[36mTweet Load (0.7ms)[0m  [1m[34mSELECT "tweets".* FROM "tweets" /* loading for inspect */ LIMIT $1[0m  [["LIMIT", 11]]
  [1m[35m (14.4ms)[0m  [1m[34mSELECT "schema_migrations"."version" FROM "schema_migrations" ORDER BY "schema_migrations"."version" ASC[0m
  [1m[36mTRANSACTION (0.2ms)[0m  [1m[35mBEGIN[0m
  [1m[36mTweet Create (2.1ms)[0m  [1m[32mINSERT INTO "tweets" ("title", "content", "author", "created_at", "updated_at") VALUES ($1, $2, $3, $4, $5) RETURNING "id"[0m  [["title", "Just found this"], ["content", "the square of the hypotenuse is equal to the sum of the squares of the other two sides"], ["author", "Pythagoras570"], ["created_at", "2021-02-23 21:56:43.405322"], ["updated_at", "2021-02-23 21:56:43.405322"]]
  [1m[36mTRANSACTION (0.5ms)[0m  [1m[35mCOMMIT[0m
  [1m[36mTRANSACTION (0.1ms)[0m  [1m[35mBEGIN[0m
  [1m[36mTweet Create (0.3ms)[0m  [1m[32mINSERT INTO "tweets" ("title", "content", "author", "created_at", "updated_at") VALUES ($1, $2, $3, $4, $5) RETURNING "id"[0m  [["title", "I'm walkin' here"], ["content", "Hey, I'm walkin' here!"], ["author", "Nicky62"], ["created_at", "2021-02-23 21:56:43.419533"], ["updated_at", "2021-02-23 21:56:43.419533"]]
  [1m[36mTRANSACTION (0.4ms)[0m  [1m[35mCOMMIT[0m
  [1m[36mTweet Load (0.4ms)[0m  [1m[34mSELECT "tweets".* FROM "tweets" /* loading for inspect */ LIMIT $1[0m  [["LIMIT", 11]]
  [1m[36mTweet Load (0.7ms)[0m  [1m[34mSELECT "tweets".* FROM "tweets"[0m
Started GET "/" for ::1 at 2021-02-23 17:00:09 -0500
  [1m[35m (1.5ms)[0m  [1m[34mSELECT "schema_migrations"."version" FROM "schema_migrations" ORDER BY "schema_migrations"."version" ASC[0m
Processing by Rails::WelcomeController#index as HTML
  Rendering /Users/chaco/.rbenv/versions/3.0.0/lib/ruby/gems/3.0.0/gems/railties-6.1.3/lib/rails/templates/rails/welcome/index.html.erb
  Rendered /Users/chaco/.rbenv/versions/3.0.0/lib/ruby/gems/3.0.0/gems/railties-6.1.3/lib/rails/templates/rails/welcome/index.html.erb (Duration: 33.3ms | Allocations: 468)
Completed 200 OK in 78ms (Views: 50.3ms | ActiveRecord: 0.0ms | Allocations: 3963)


Started GET "/tweets" for ::1 at 2021-02-23 17:02:14 -0500
  [1m[35m (1.4ms)[0m  [1m[34mSELECT "schema_migrations"."version" FROM "schema_migrations" ORDER BY "schema_migrations"."version" ASC[0m
Processing by TweetsController#index as HTML
  [1m[36mTweet Load (2.7ms)[0m  [1m[34mSELECT "tweets".* FROM "tweets"[0m
  ↳ app/controllers/tweets_controller.rb:4:in `index'
Completed 200 OK in 56ms (Views: 26.0ms | ActiveRecord: 21.7ms | Allocations: 7117)


Started GET "/tweets/1" for ::1 at 2021-02-23 17:05:33 -0500
  [1m[35m (6.1ms)[0m  [1m[34mSELECT "schema_migrations"."version" FROM "schema_migrations" ORDER BY "schema_migrations"."version" ASC[0m
Processing by TweetsController#show as HTML
  Parameters: {"id"=>"1"}
  [1m[36mTweet Load (5.1ms)[0m  [1m[34mSELECT "tweets".* FROM "tweets" WHERE "tweets"."id" = $1 LIMIT $2[0m  [["id", 1], ["LIMIT", 1]]
  ↳ app/controllers/tweets_controller.rb:8:in `show'
Completed 200 OK in 99ms (Views: 1.3ms | ActiveRecord: 39.2ms | Allocations: 7485)


Started GET "/tweets/2" for ::1 at 2021-02-23 17:05:35 -0500
Processing by TweetsController#show as HTML
  Parameters: {"id"=>"2"}
  [1m[36mTweet Load (1.9ms)[0m  [1m[34mSELECT "tweets".* FROM "tweets" WHERE "tweets"."id" = $1 LIMIT $2[0m  [["id", 2], ["LIMIT", 1]]
  ↳ app/controllers/tweets_controller.rb:8:in `show'
Completed 200 OK in 45ms (Views: 0.8ms | ActiveRecord: 1.9ms | Allocations: 618)


Started POST "/tweets" for ::1 at 2021-02-23 17:10:42 -0500
  [1m[35m (2.1ms)[0m  [1m[34mSELECT "schema_migrations"."version" FROM "schema_migrations" ORDER BY "schema_migrations"."version" ASC[0m
Processing by TweetsController#create as */*
  Parameters: {"title"=>"Hello", "content"=>"World", "author"=>"Alex", "tweet"=>{"title"=>"Hello", "content"=>"World", "author"=>"Alex"}}
  [1m[36mTRANSACTION (1.0ms)[0m  [1m[35mBEGIN[0m
  ↳ app/controllers/tweets_controller.rb:14:in `create'
  [1m[36mTweet Create (0.9ms)[0m  [1m[32mINSERT INTO "tweets" ("title", "content", "author", "created_at", "updated_at") VALUES ($1, $2, $3, $4, $5) RETURNING "id"[0m  [["title", "Hello"], ["content", "World"], ["author", "Alex"], ["created_at", "2021-02-23 22:10:42.894344"], ["updated_at", "2021-02-23 22:10:42.894344"]]
  ↳ app/controllers/tweets_controller.rb:14:in `create'
  [1m[36mTRANSACTION (0.8ms)[0m  [1m[35mCOMMIT[0m
  ↳ app/controllers/tweets_controller.rb:14:in `create'
Completed 200 OK in 41ms (Views: 0.5ms | ActiveRecord: 13.7ms | Allocations: 8310)


Started GET "/tweets" for ::1 at 2021-02-23 17:10:52 -0500
Processing by TweetsController#index as HTML
  [1m[36mTweet Load (5.0ms)[0m  [1m[34mSELECT "tweets".* FROM "tweets"[0m
  ↳ app/controllers/tweets_controller.rb:4:in `index'
Completed 200 OK in 29ms (Views: 23.1ms | ActiveRecord: 5.0ms | Allocations: 1140)


Started PUT "/tweets/2" for ::1 at 2021-02-23 17:12:50 -0500
  [1m[35m (0.8ms)[0m  [1m[34mSELECT "schema_migrations"."version" FROM "schema_migrations" ORDER BY "schema_migrations"."version" ASC[0m
Processing by TweetsController#update as */*
  Parameters: {"title"=>"Hello", "content"=>"World", "author"=>"Alex Chaconas", "id"=>"2", "tweet"=>{"title"=>"Hello", "content"=>"World", "author"=>"Alex Chaconas"}}
  [1m[36mTweet Load (0.7ms)[0m  [1m[34mSELECT "tweets".* FROM "tweets" WHERE "tweets"."id" = $1 LIMIT $2[0m  [["id", 2], ["LIMIT", 1]]
  ↳ app/controllers/tweets_controller.rb:22:in `update'
Completed 200 OK in 50ms (Views: 0.8ms | ActiveRecord: 17.4ms | Allocations: 7334)


Started GET "/tweets" for ::1 at 2021-02-23 17:12:59 -0500
Processing by TweetsController#index as HTML
  [1m[36mTweet Load (0.4ms)[0m  [1m[34mSELECT "tweets".* FROM "tweets"[0m
  ↳ app/controllers/tweets_controller.rb:4:in `index'
Completed 200 OK in 19ms (Views: 17.1ms | ActiveRecord: 0.4ms | Allocations: 995)


Started GET "/tweets" for ::1 at 2021-02-23 17:13:04 -0500
Processing by TweetsController#index as HTML
  [1m[36mTweet Load (0.9ms)[0m  [1m[34mSELECT "tweets".* FROM "tweets"[0m
  ↳ app/controllers/tweets_controller.rb:4:in `index'
Completed 200 OK in 16ms (Views: 14.7ms | ActiveRecord: 0.9ms | Allocations: 959)


Started PUT "/tweets/3" for ::1 at 2021-02-23 17:13:52 -0500
Processing by TweetsController#update as */*
  Parameters: {"title"=>"Hello", "content"=>"World", "author"=>"Alex Chaconas", "id"=>"3", "tweet"=>{"title"=>"Hello", "content"=>"World", "author"=>"Alex Chaconas"}}
  [1m[36mTweet Load (1.1ms)[0m  [1m[34mSELECT "tweets".* FROM "tweets" WHERE "tweets"."id" = $1 LIMIT $2[0m  [["id", 3], ["LIMIT", 1]]
  ↳ app/controllers/tweets_controller.rb:22:in `update'
Completed 200 OK in 127ms (Views: 0.4ms | ActiveRecord: 1.1ms | Allocations: 619)


Started GET "/tweets" for ::1 at 2021-02-23 17:14:47 -0500
Processing by TweetsController#index as HTML
  [1m[36mTweet Load (1.3ms)[0m  [1m[34mSELECT "tweets".* FROM "tweets"[0m
  ↳ app/controllers/tweets_controller.rb:4:in `index'
Completed 200 OK in 11ms (Views: 9.9ms | ActiveRecord: 1.3ms | Allocations: 942)


Started GET "/tweets" for ::1 at 2021-02-23 17:14:50 -0500
Processing by TweetsController#index as HTML
  [1m[36mTweet Load (0.3ms)[0m  [1m[34mSELECT "tweets".* FROM "tweets"[0m
  ↳ app/controllers/tweets_controller.rb:4:in `index'
Completed 200 OK in 2ms (Views: 1.9ms | ActiveRecord: 0.3ms | Allocations: 943)


Started PUT "/tweets/3" for ::1 at 2021-02-23 17:16:30 -0500
Processing by TweetsController#update as */*
  Parameters: {"title"=>"Hello", "content"=>"World", "author"=>"Alex Chaconas", "id"=>"3", "tweet"=>{"title"=>"Hello", "content"=>"World", "author"=>"Alex Chaconas"}}
  [1m[36mTweet Load (0.6ms)[0m  [1m[34mSELECT "tweets".* FROM "tweets" WHERE "tweets"."id" = $1 LIMIT $2[0m  [["id", 3], ["LIMIT", 1]]
  ↳ app/controllers/tweets_controller.rb:22:in `update'
Completed 200 OK in 49ms (Views: 6.9ms | ActiveRecord: 30.7ms | Allocations: 3159)


Started GET "/tweets" for ::1 at 2021-02-23 17:16:40 -0500
Processing by TweetsController#index as HTML
  [1m[36mTweet Load (0.5ms)[0m  [1m[34mSELECT "tweets".* FROM "tweets"[0m
  ↳ app/controllers/tweets_controller.rb:4:in `index'
Completed 200 OK in 7ms (Views: 5.8ms | ActiveRecord: 0.5ms | Allocations: 961)


Started PUT "/tweets/3" for ::1 at 2021-02-23 17:17:13 -0500
  
SyntaxError (/Users/chaco/Desktop/seir-1207/Rails/W11D02HW/tweeter_app_api/app/controllers/tweets_controller.rb:23: syntax error, unexpected label, expecting ')'
        render (json: {status: 200, tweet: tweet})
                ^~~~~
/Users/chaco/Desktop/seir-1207/Rails/W11D02HW/tweeter_app_api/app/controllers/tweets_controller.rb:32: syntax error, unexpected end-of-input, expecting `end'):
  
app/controllers/tweets_controller.rb:23: syntax error, unexpected label, expecting ')'
app/controllers/tweets_controller.rb:32: syntax error, unexpected end-of-input, expecting `end'
app/controllers/tweets_controller.rb:23: syntax error, unexpected label, expecting ')'
app/controllers/tweets_controller.rb:32: syntax error, unexpected end-of-input, expecting `end'
Started PUT "/tweets/3" for ::1 at 2021-02-23 17:17:34 -0500
Processing by TweetsController#update as */*
  Parameters: {"title"=>"Hello", "content"=>"World", "author"=>"Alex Chaconas", "id"=>"3", "tweet"=>{"title"=>"Hello", "content"=>"World", "author"=>"Alex Chaconas"}}
  [1m[36mTweet Load (0.7ms)[0m  [1m[34mSELECT "tweets".* FROM "tweets" WHERE "tweets"."id" = $1 LIMIT $2[0m  [["id", 3], ["LIMIT", 1]]
  ↳ app/controllers/tweets_controller.rb:22:in `update'
Completed 200 OK in 24ms (Views: 0.4ms | ActiveRecord: 16.7ms | Allocations: 3207)


Started PUT "/tweets/3" for ::1 at 2021-02-23 17:17:44 -0500
Processing by TweetsController#update as */*
  Parameters: {"title"=>"Hello", "content"=>"World", "author"=>"Alex Chaconas", "id"=>"3", "tweet"=>{"title"=>"Hello", "content"=>"World", "author"=>"Alex Chaconas"}}
  [1m[36mTweet Load (9.3ms)[0m  [1m[34mSELECT "tweets".* FROM "tweets" WHERE "tweets"."id" = $1 LIMIT $2[0m  [["id", 3], ["LIMIT", 1]]
  ↳ app/controllers/tweets_controller.rb:22:in `update'
Completed 200 OK in 65ms (Views: 0.4ms | ActiveRecord: 9.3ms | Allocations: 609)


Started GET "/tweets" for ::1 at 2021-02-23 17:18:08 -0500
Processing by TweetsController#index as HTML
  [1m[36mTweet Load (0.4ms)[0m  [1m[34mSELECT "tweets".* FROM "tweets"[0m
  ↳ app/controllers/tweets_controller.rb:4:in `index'
Completed 200 OK in 6ms (Views: 5.2ms | ActiveRecord: 0.4ms | Allocations: 961)


Started GET "/tweets/3" for ::1 at 2021-02-23 17:18:39 -0500
Processing by TweetsController#show as HTML
  Parameters: {"id"=>"3"}
  [1m[36mTweet Load (1.3ms)[0m  [1m[34mSELECT "tweets".* FROM "tweets" WHERE "tweets"."id" = $1 LIMIT $2[0m  [["id", 3], ["LIMIT", 1]]
  ↳ app/controllers/tweets_controller.rb:8:in `show'
Completed 200 OK in 27ms (Views: 0.6ms | ActiveRecord: 1.3ms | Allocations: 599)


Started PUT "/tweets/3" for ::1 at 2021-02-23 17:20:21 -0500
Processing by TweetsController#update as */*
  Parameters: {"title"=>"Hello", "content"=>"World", "author"=>"Alex Chaconas", "id"=>"3", "tweet"=>{"title"=>"Hello", "content"=>"World", "author"=>"Alex Chaconas"}}
  [1m[36mTweet Load (0.4ms)[0m  [1m[34mSELECT "tweets".* FROM "tweets" WHERE "tweets"."id" = $1 LIMIT $2[0m  [["id", 3], ["LIMIT", 1]]
  ↳ app/controllers/tweets_controller.rb:22:in `update'
Completed 500 Internal Server Error in 48ms (ActiveRecord: 15.8ms | Allocations: 4890)


  
NameError (undefined local variable or method `song' for #<TweetsController:0x00000000009ce0>):
  
app/controllers/tweets_controller.rb:23:in `update'
Started PUT "/tweets/3" for ::1 at 2021-02-23 17:20:34 -0500
Processing by TweetsController#update as */*
  Parameters: {"title"=>"Hello", "content"=>"World", "author"=>"Alex Chaconas", "id"=>"3", "tweet"=>{"title"=>"Hello", "content"=>"World", "author"=>"Alex Chaconas"}}
  [1m[36mTweet Load (0.3ms)[0m  [1m[34mSELECT "tweets".* FROM "tweets" WHERE "tweets"."id" = $1 LIMIT $2[0m  [["id", 3], ["LIMIT", 1]]
  ↳ app/controllers/tweets_controller.rb:22:in `update'
  [1m[36mTRANSACTION (2.5ms)[0m  [1m[35mBEGIN[0m
  ↳ app/controllers/tweets_controller.rb:23:in `update'
  [1m[36mTweet Update (0.9ms)[0m  [1m[33mUPDATE "tweets" SET "author" = $1, "updated_at" = $2 WHERE "tweets"."id" = $3[0m  [["author", "Alex Chaconas"], ["updated_at", "2021-02-23 22:20:34.404347"], ["id", 3]]
  ↳ app/controllers/tweets_controller.rb:23:in `update'
  [1m[36mTRANSACTION (11.9ms)[0m  [1m[35mCOMMIT[0m
  ↳ app/controllers/tweets_controller.rb:23:in `update'
Completed 200 OK in 160ms (Views: 0.6ms | ActiveRecord: 77.4ms | Allocations: 5282)


Started DELETE "/tweets/3" for ::1 at 2021-02-23 17:22:19 -0500
  [1m[35m (1.0ms)[0m  [1m[34mSELECT "schema_migrations"."version" FROM "schema_migrations" ORDER BY "schema_migrations"."version" ASC[0m
Processing by TweetsController#destroy as */*
  Parameters: {"title"=>"Hello", "content"=>"World", "author"=>"Alex Chaconas", "id"=>"3", "tweet"=>{"title"=>"Hello", "content"=>"World", "author"=>"Alex Chaconas"}}
  [1m[36mTweet Load (0.6ms)[0m  [1m[34mSELECT "tweets".* FROM "tweets" WHERE "tweets"."id" = $1 LIMIT $2[0m  [["id", 3], ["LIMIT", 1]]
  ↳ app/controllers/tweets_controller.rb:28:in `destroy'
  [1m[36mTRANSACTION (4.0ms)[0m  [1m[35mBEGIN[0m
  ↳ app/controllers/tweets_controller.rb:28:in `destroy'
  [1m[36mTweet Destroy (1.0ms)[0m  [1m[31mDELETE FROM "tweets" WHERE "tweets"."id" = $1[0m  [["id", 3]]
  ↳ app/controllers/tweets_controller.rb:28:in `destroy'
  [1m[36mTRANSACTION (0.7ms)[0m  [1m[35mCOMMIT[0m
  ↳ app/controllers/tweets_controller.rb:28:in `destroy'
Completed 204 No Content in 43ms (Views: 0.2ms | ActiveRecord: 18.1ms | Allocations: 8566)


Started GET "/tweets" for ::1 at 2021-02-23 17:22:23 -0500
Processing by TweetsController#index as HTML
  [1m[36mTweet Load (0.5ms)[0m  [1m[34mSELECT "tweets".* FROM "tweets"[0m
  ↳ app/controllers/tweets_controller.rb:4:in `index'
Completed 200 OK in 19ms (Views: 18.0ms | ActiveRecord: 0.5ms | Allocations: 1040)


Started GET "/tweets/about" for ::1 at 2021-02-23 17:24:56 -0500
Started GET "/tweets/about" for ::1 at 2021-02-23 17:24:56 -0500
  [1m[35m (2.2ms)[0m  [1m[34mSELECT "schema_migrations"."version" FROM "schema_migrations" ORDER BY "schema_migrations"."version" ASC[0m
Processing by TweetsController#show as HTML
  Parameters: {"id"=>"about"}
Processing by TweetsController#show as HTML
  Parameters: {"id"=>"about"}
  [1m[36mTweet Load (1.3ms)[0m  [1m[34mSELECT "tweets".* FROM "tweets" WHERE "tweets"."id" = $1 LIMIT $2[0m  [["id", nil], ["LIMIT", 1]]
  ↳ app/controllers/tweets_controller.rb:8:in `show'
Completed 404 Not Found in 33ms (ActiveRecord: 14.0ms | Allocations: 5275)


  
ActiveRecord::RecordNotFound (Couldn't find Tweet with 'id'=about):
  
app/controllers/tweets_controller.rb:8:in `show'
  [1m[36mTweet Load (0.4ms)[0m  [1m[34mSELECT "tweets".* FROM "tweets" WHERE "tweets"."id" = $1 LIMIT $2[0m  [["id", nil], ["LIMIT", 1]]
  ↳ app/controllers/tweets_controller.rb:8:in `show'
Completed 404 Not Found in 142ms (ActiveRecord: 114.2ms | Allocations: 40697)


  
ActiveRecord::RecordNotFound (Couldn't find Tweet with 'id'=about):
  
app/controllers/tweets_controller.rb:8:in `show'
Started GET "/about" for ::1 at 2021-02-23 17:26:10 -0500
  
ActionController::RoutingError (No route matches [GET] "/about"):
  
Started GET "/meta" for ::1 at 2021-02-23 17:26:30 -0500
  
Zeitwerk::NameError (expected file /Users/chaco/Desktop/seir-1207/Rails/W11D02HW/tweeter_app_api/app/controllers/meta_controller.rb to define constant MetaController, but didn't):
  
zeitwerk (2.4.2) lib/zeitwerk/loader/callbacks.rb:18:in `on_file_autoloaded'
zeitwerk (2.4.2) lib/zeitwerk/kernel.rb:27:in `block in require'
<internal:kernel>:90:in `tap'
zeitwerk (2.4.2) lib/zeitwerk/kernel.rb:26:in `require'
activesupport (6.1.3) lib/active_support/inflector/methods.rb:274:in `const_get'
activesupport (6.1.3) lib/active_support/inflector/methods.rb:274:in `constantize'
activesupport (6.1.3) lib/active_support/dependencies/zeitwerk_integration.rb:19:in `constantize'
actionpack (6.1.3) lib/action_dispatch/http/request.rb:93:in `controller_class_for'
actionpack (6.1.3) lib/action_dispatch/request/utils.rb:95:in `action_encoding_template'
actionpack (6.1.3) lib/action_dispatch/request/utils.rb:83:in `encode'
actionpack (6.1.3) lib/action_dispatch/request/utils.rb:45:in `set_binary_encoding'
actionpack (6.1.3) lib/action_dispatch/http/parameters.rb:68:in `path_parameters='
actionpack (6.1.3) lib/action_dispatch/journey/router.rb:48:in `block in serve'
actionpack (6.1.3) lib/action_dispatch/journey/router.rb:32:in `each'
actionpack (6.1.3) lib/action_dispatch/journey/router.rb:32:in `serve'
actionpack (6.1.3) lib/action_dispatch/routing/route_set.rb:842:in `call'
rack (2.2.3) lib/rack/etag.rb:27:in `call'
rack (2.2.3) lib/rack/conditional_get.rb:27:in `call'
rack (2.2.3) lib/rack/head.rb:12:in `call'
activerecord (6.1.3) lib/active_record/migration.rb:601:in `call'
actionpack (6.1.3) lib/action_dispatch/middleware/callbacks.rb:27:in `block in call'
activesupport (6.1.3) lib/active_support/callbacks.rb:98:in `run_callbacks'
actionpack (6.1.3) lib/action_dispatch/middleware/callbacks.rb:26:in `call'
actionpack (6.1.3) lib/action_dispatch/middleware/executor.rb:14:in `call'
actionpack (6.1.3) lib/action_dispatch/middleware/actionable_exceptions.rb:18:in `call'
actionpack (6.1.3) lib/action_dispatch/middleware/debug_exceptions.rb:29:in `call'
actionpack (6.1.3) lib/action_dispatch/middleware/show_exceptions.rb:33:in `call'
railties (6.1.3) lib/rails/rack/logger.rb:37:in `call_app'
railties (6.1.3) lib/rails/rack/logger.rb:26:in `block in call'
activesupport (6.1.3) lib/active_support/tagged_logging.rb:99:in `block in tagged'
activesupport (6.1.3) lib/active_support/tagged_logging.rb:37:in `tagged'
activesupport (6.1.3) lib/active_support/tagged_logging.rb:99:in `tagged'
railties (6.1.3) lib/rails/rack/logger.rb:26:in `call'
actionpack (6.1.3) lib/action_dispatch/middleware/remote_ip.rb:81:in `call'
actionpack (6.1.3) lib/action_dispatch/middleware/request_id.rb:26:in `call'
rack (2.2.3) lib/rack/runtime.rb:22:in `call'
activesupport (6.1.3) lib/active_support/cache/strategy/local_cache_middleware.rb:29:in `call'
actionpack (6.1.3) lib/action_dispatch/middleware/executor.rb:14:in `call'
actionpack (6.1.3) lib/action_dispatch/middleware/static.rb:24:in `call'
rack (2.2.3) lib/rack/sendfile.rb:110:in `call'
actionpack (6.1.3) lib/action_dispatch/middleware/host_authorization.rb:98:in `call'
railties (6.1.3) lib/rails/engine.rb:539:in `call'
puma (5.2.1) lib/puma/configuration.rb:247:in `call'
puma (5.2.1) lib/puma/request.rb:76:in `block in handle_request'
puma (5.2.1) lib/puma/thread_pool.rb:337:in `with_force_shutdown'
puma (5.2.1) lib/puma/request.rb:75:in `handle_request'
puma (5.2.1) lib/puma/server.rb:431:in `process_client'
puma (5.2.1) lib/puma/thread_pool.rb:145:in `block in spawn_thread'
Started GET "/meta" for ::1 at 2021-02-23 17:27:25 -0500
Processing by MetaController#about as HTML
Completed 200 OK in 1ms (Views: 0.3ms | ActiveRecord: 0.0ms | Allocations: 262)


